<?xml version="1.0" encoding="UTF-8"?>
<testsuite xmlns:xsi="http://www.w3.org/2001/XMLSchema-instance" xsi:noNamespaceSchemaLocation="https://maven.apache.org/surefire/maven-surefire-plugin/xsd/surefire-test-report.xsd" name="com.letscode.store.service.ClientServiceTest" time="1.592" tests="3" errors="0" skipped="0" failures="0">
  <properties>
[...]
</properties>
  <testcase name="updateAClientThatExistToaCpfThatExistToo" classname="com.letscode.store.service.ClientServiceTest" time="0.162"/>
  <testcase name="testInvokeOfDelete" classname="com.letscode.store.service.ClientServiceTest" time="0.087"/>
  <testcase name="updateAClientThatNoExist" classname="com.letscode.store.service.ClientServiceTest" time="0.076"/>
</testsuite>